<?xml version="1.0" encoding="UTF-8"?>
<testng-results skipped="0" failed="0" ignored="0" total="1" passed="1">
  <reporter-output>
  </reporter-output>
  <suite name="PracticeBDDSuite" duration-ms="77455" started-at="2019-09-11T07:44:45Z" finished-at="2019-09-11T07:46:03Z">
    <groups>
      <group name="cucumber">
        <method signature="TestRunner.feature(cucumber.api.testng.CucumberFeatureWrapper)[pri:0, instance:runner.TestRunner@1ec1f0c]" name="feature" class="runner.TestRunner"/>
      </group> <!-- cucumber -->
    </groups>
    <test name="PracticeBDD" duration-ms="77455" started-at="2019-09-11T07:44:45Z" finished-at="2019-09-11T07:46:03Z">
      <class name="runner.TestRunner">
        <test-method status="PASS" signature="setUpClass()[pri:0, instance:runner.TestRunner@1ec1f0c]" name="setUpClass" is-config="true" duration-ms="373" started-at="2019-09-11T07:44:45Z" finished-at="2019-09-11T07:44:46Z">
          <reporter-output>
          </reporter-output>
        </test-method> <!-- setUpClass -->
        <test-method status="PASS" signature="feature(cucumber.api.testng.CucumberFeatureWrapper)[pri:0, instance:runner.TestRunner@1ec1f0c]" name="feature" duration-ms="76519" started-at="2019-09-11T07:44:46Z" description="Runs cucumber feature" data-provider="features" finished-at="2019-09-11T07:46:02Z">
          <params>
            <param index="0">
              <value>
                <![CDATA[Search in my store]]>
              </value>
            </param>
          </params>
          <reporter-output>
          </reporter-output>
        </test-method> <!-- feature -->
        <test-method status="PASS" signature="tearDownClass()[pri:0, instance:runner.TestRunner@1ec1f0c]" name="tearDownClass" is-config="true" duration-ms="419" started-at="2019-09-11T07:46:02Z" finished-at="2019-09-11T07:46:03Z">
          <reporter-output>
          </reporter-output>
        </test-method> <!-- tearDownClass -->
      </class> <!-- runner.TestRunner -->
    </test> <!-- PracticeBDD -->
  </suite> <!-- PracticeBDDSuite -->
</testng-results>
